\BOOKMARK [1][-]{section.1}{Individual contributions}{}% 1
\BOOKMARK [1][-]{section.2}{Introduction and Motivations}{}% 2
\BOOKMARK [1][-]{section.3}{Description of the Model}{}% 3
\BOOKMARK [2][-]{subsection.3.1}{Basic model: Hive simulation}{section.3}% 4
\BOOKMARK [2][-]{subsection.3.2}{Changing laying rate over seasons}{section.3}% 5
\BOOKMARK [2][-]{subsection.3.3}{Advanced model: Environment simulation}{section.3}% 6
\BOOKMARK [3][-]{subsubsection.3.3.1}{Map and flower patches}{subsection.3.3}% 7
\BOOKMARK [3][-]{subsubsection.3.3.2}{Bees' working states}{subsection.3.3}% 8
\BOOKMARK [3][-]{subsubsection.3.3.3}{Foragers' distribution across flower patches}{subsection.3.3}% 9
\BOOKMARK [2][-]{subsection.3.4}{Empirical data bases}{section.3}% 10
\BOOKMARK [1][-]{section.4}{Implementation}{}% 11
\BOOKMARK [2][-]{subsection.4.1}{General implementation}{section.4}% 12
\BOOKMARK [2][-]{subsection.4.2}{Map and flower patch quality}{section.4}% 13
\BOOKMARK [2][-]{subsection.4.3}{Hives}{section.4}% 14
\BOOKMARK [2][-]{subsection.4.4}{Scouts}{section.4}% 15
\BOOKMARK [3][-]{subsubsection.4.4.1}{Random walk}{subsection.4.4}% 16
\BOOKMARK [3][-]{subsubsection.4.4.2}{Bresenham line algorithm}{subsection.4.4}% 17
\BOOKMARK [2][-]{subsection.4.5}{Foragers}{section.4}% 18
\BOOKMARK [3][-]{subsubsection.4.5.1}{Path optimization}{subsection.4.5}% 19
\BOOKMARK [1][-]{section.5}{Simulation Results and Discussion}{}% 20
\BOOKMARK [2][-]{subsection.5.1}{Constant food and egg laying}{section.5}% 21
\BOOKMARK [2][-]{subsection.5.2}{Constant food, dynamic egg laying}{section.5}% 22
\BOOKMARK [2][-]{subsection.5.3}{Environmental model}{section.5}% 23
\BOOKMARK [3][-]{subsubsection.5.3.1}{Typical simulated day}{subsection.5.3}% 24
\BOOKMARK [3][-]{subsubsection.5.3.2}{Missing flower seasons}{subsection.5.3}% 25
\BOOKMARK [3][-]{subsubsection.5.3.3}{Variations on autumn flowers}{subsection.5.3}% 26
\BOOKMARK [1][-]{section.6}{Summary and Outlook}{}% 27
\BOOKMARK [1][-]{section.7}{References}{}% 28
\BOOKMARK [1][-]{appendix.A}{Matlab Code}{}% 29
\BOOKMARK [2][-]{subsection.A.1}{Properties\137Base.m}{appendix.A}% 30
\BOOKMARK [2][-]{subsection.A.2}{hive\137simulation.m}{appendix.A}% 31
\BOOKMARK [2][-]{subsection.A.3}{World.m}{appendix.A}% 32
\BOOKMARK [2][-]{subsection.A.4}{Hive.m}{appendix.A}% 33
\BOOKMARK [2][-]{subsection.A.5}{Bee.m}{appendix.A}% 34
\BOOKMARK [2][-]{subsection.A.6}{Map.m}{appendix.A}% 35
\BOOKMARK [2][-]{subsection.A.7}{Path.m}{appendix.A}% 36
\BOOKMARK [2][-]{subsection.A.8}{Report.m}{appendix.A}% 37
\BOOKMARK [2][-]{subsection.A.9}{generate\137maps.m}{appendix.A}% 38
\BOOKMARK [2][-]{subsection.A.10}{interpolate\137function.m}{appendix.A}% 39
\BOOKMARK [2][-]{subsection.A.11}{interpolate\137values.m}{appendix.A}% 40
\BOOKMARK [2][-]{subsection.A.12}{bresenham.m}{appendix.A}% 41
\BOOKMARK [1][-]{appendix.B}{Additional Graphics}{}% 42
\BOOKMARK [2][-]{subsection.B.1}{Simulation run without environment simulation}{appendix.B}% 43
\BOOKMARK [3][-]{subsubsection.B.1.1}{Runscript with changes relative to the base properties}{subsection.B.1}% 44
\BOOKMARK [3][-]{subsubsection.B.1.2}{Constant laying rate, constant food income}{subsection.B.1}% 45
\BOOKMARK [3][-]{subsubsection.B.1.3}{Varying laying rate, constant food income}{subsection.B.1}% 46
\BOOKMARK [2][-]{subsection.B.2}{Simulation run with missing flower patches}{appendix.B}% 47
\BOOKMARK [3][-]{subsubsection.B.2.1}{Runscript with changes relative to the base properties}{subsection.B.2}% 48
\BOOKMARK [3][-]{subsubsection.B.2.2}{All flower patches}{subsection.B.2}% 49
\BOOKMARK [3][-]{subsubsection.B.2.3}{Missing spring flowers}{subsection.B.2}% 50
\BOOKMARK [3][-]{subsubsection.B.2.4}{Missing summer flowers}{subsection.B.2}% 51
\BOOKMARK [3][-]{subsubsection.B.2.5}{Missing autumn flowers}{subsection.B.2}% 52
\BOOKMARK [2][-]{subsection.B.3}{Simulation run with varying autumn flowers}{appendix.B}% 53
\BOOKMARK [3][-]{subsubsection.B.3.1}{Runscript with changes relative to the base properties}{subsection.B.3}% 54
\BOOKMARK [3][-]{subsubsection.B.3.2}{Peak = 2, delayed by 4 days}{subsection.B.3}% 55
\BOOKMARK [3][-]{subsubsection.B.3.3}{Peak = 2, delayed by 12 days}{subsection.B.3}% 56
\BOOKMARK [3][-]{subsubsection.B.3.4}{Peak = 2, delayed by 20 days}{subsection.B.3}% 57
\BOOKMARK [3][-]{subsubsection.B.3.5}{Peak = 1.5, delayed by 4 days}{subsection.B.3}% 58
\BOOKMARK [3][-]{subsubsection.B.3.6}{Peak = 1.5, delayed by 12 days}{subsection.B.3}% 59
\BOOKMARK [3][-]{subsubsection.B.3.7}{Peak = 1.5, delayed by 20 days}{subsection.B.3}% 60
\BOOKMARK [3][-]{subsubsection.B.3.8}{Peak = 1, delayed by 4 days}{subsection.B.3}% 61
\BOOKMARK [3][-]{subsubsection.B.3.9}{Peak = 1, delayed by 12 days}{subsection.B.3}% 62
\BOOKMARK [3][-]{subsubsection.B.3.10}{Peak = 1, delayed by 20 days}{subsection.B.3}% 63
\BOOKMARK [3][-]{subsubsection.B.3.11}{Peak = 0.5, delayed by 4 days}{subsection.B.3}% 64
\BOOKMARK [3][-]{subsubsection.B.3.12}{Peak = 0.5, delayed by 12 days}{subsection.B.3}% 65
\BOOKMARK [3][-]{subsubsection.B.3.13}{Peak = 0.5, delayed by 20 days}{subsection.B.3}% 66
